<?xml version="1.0" encoding="UTF-8"?>
<!-- Generated by org.testng.reporters.JUnitReportReporter -->
<testsuite hostname="Faiz" failures="0" tests="3" name="restfulApi" time="3.636" errors="0" timestamp="2024-10-30T19:59:47 WIB" skipped="0">
  <testcase classname="restfulApi" name="testGetMethod" time="0.507"/>
  <system-out/>
  <testcase classname="restfulApi" name="testPostMethod" time="2.269"/>
  <system-out/>
  <testcase classname="restfulApi" name="testDeleteMethod" time="0.860"/>
  <system-out/>
</testsuite> <!-- restfulApi -->
